<?xml version="1.0" encoding="UTF-8"?>
<!-- Generated by org.testng.reporters.JUnitReportReporter -->
<testsuite hostname="DESKTOP-M9BLJAP" failures="0" tests="4" name="MyTestCases" time="3.425" errors="0" timestamp="2024-07-30T19:01:21 EET" skipped="0">
  <testcase classname="MyTestCases" name="addData" time="0.022"/>
  <system-out/>
  <testcase classname="MyTestCases" name="updateData" time="0.008"/>
  <system-out/>
  <testcase classname="MyTestCases" name="getData" time="3.388"/>
  <system-out/>
  <testcase classname="MyTestCases" name="deleteData" time="0.007"/>
  <system-out/>
</testsuite> <!-- MyTestCases -->
